<?xml version="1.0" encoding="UTF-8"?>
<!-- Generated by org.testng.reporters.JUnitReportReporter -->
<testsuite hostname="DESKTOP-2H8M6H2" failures="0" tests="1" name="tests.LoginTest" time="52.224" errors="0" timestamp="2023-02-28T21:17:28 IST" skipped="0">
  <testcase classname="tests.LoginTest" name="login" time="52.224"/>
  <system-out/>
</testsuite> <!-- tests.LoginTest -->
