<?xml version="1.0" encoding="UTF-8"?>
<!-- Generated by org.testng.reporters.JUnitReportReporter -->
<testsuite hostname="DESKTOP-2H8M6H2" failures="0" tests="1" name="tests.ThreeTest" time="0.023" errors="0" timestamp="2023-02-28T20:40:12 IST" skipped="0">
  <testcase classname="tests.ThreeTest" name="testThree" time="0.023"/>
  <system-out/>
</testsuite> <!-- tests.ThreeTest -->
